<?xml version="1.0" encoding="UTF-8"?>
<robot generator="Robot 3.1.1 (Python 3.7.1 on win32)" generated="20190210 14:01:59.950" rpa="false">
<suite id="s1" name="Facebook" source="C:\Users\Mamatha\PycharmProjects\RobotFrameworks\Facebook.robot">
<test id="s1-t1" name="Login to Facebook">
<kw name="Open Browser" library="SeleniumLibrary">
<doc>Opens a new browser instance to the given ``url``.</doc>
<arguments>
<arg>https://www.facebook.com</arg>
<arg>chrome</arg>
</arguments>
<msg timestamp="20190210 14:02:00.198" level="INFO">Opening browser 'chrome' to base url 'https://www.facebook.com'.</msg>
<status status="PASS" starttime="20190210 14:02:00.198" endtime="20190210 14:03:32.555"></status>
</kw>
<kw name="Input Text" library="SeleniumLibrary">
<doc>Types the given ``text`` into text field identified by ``locator``.</doc>
<arguments>
<arg>id=email</arg>
<arg>testemail</arg>
</arguments>
<msg timestamp="20190210 14:03:32.557" level="INFO">Typing text 'testemail' into text field 'id=email'.</msg>
<status status="PASS" starttime="20190210 14:03:32.556" endtime="20190210 14:03:41.798"></status>
</kw>
<kw name="Sleep" library="BuiltIn">
<doc>Pauses the test executed for the given time.</doc>
<arguments>
<arg>3s</arg>
</arguments>
<msg timestamp="20190210 14:03:44.804" level="INFO">Slept 3 seconds</msg>
<status status="PASS" starttime="20190210 14:03:41.799" endtime="20190210 14:03:44.804"></status>
</kw>
<kw name="Close Browser" library="SeleniumLibrary">
<doc>Closes the current browser.</doc>
<status status="PASS" starttime="20190210 14:03:44.805" endtime="20190210 14:03:47.015"></status>
</kw>
<status status="PASS" starttime="20190210 14:02:00.197" endtime="20190210 14:03:47.016" critical="yes"></status>
</test>
<status status="PASS" starttime="20190210 14:01:59.952" endtime="20190210 14:03:47.020"></status>
</suite>
<statistics>
<total>
<stat pass="1" fail="0">Critical Tests</stat>
<stat pass="1" fail="0">All Tests</stat>
</total>
<tag>
</tag>
<suite>
<stat pass="1" fail="0" id="s1" name="Facebook">Facebook</stat>
</suite>
</statistics>
<errors>
</errors>
</robot>
